TN:
SF:src\App.tsx
FN:11,(anonymous_0)
FN:12,(anonymous_1)
FN:13,(anonymous_2)
FN:14,(anonymous_3)
FN:15,(anonymous_4)
FN:20,PageLoader
FN:48,App
FNF:7
FNH:0
FNDA:0,(anonymous_0)
FNDA:0,(anonymous_1)
FNDA:0,(anonymous_2)
FNDA:0,(anonymous_3)
FNDA:0,(anonymous_4)
FNDA:0,PageLoader
FNDA:0,App
DA:11,0
DA:12,0
DA:13,0
DA:14,0
DA:15,0
DA:21,0
DA:49,0
LF:7
LH:0
BRF:0
BRH:0
end_of_record
TN:
SF:src\constants\index.ts
FNF:0
FNH:0
DA:6,4
DA:30,4
DA:48,4
DA:58,4
DA:68,4
DA:88,4
DA:95,4
DA:115,4
DA:137,4
LF:9
LH:9
BRF:0
BRH:0
end_of_record
TN:
SF:src\infrastructure\ai\RecommendationEngine.ts
FN:11,getRecommendations
FN:19,(anonymous_1)
FN:21,(anonymous_2)
FN:26,(anonymous_3)
FN:57,(anonymous_4)
FN:58,(anonymous_5)
FN:80,(anonymous_6)
FN:81,(anonymous_7)
FN:101,(anonymous_8)
FNF:9
FNH:0
FNDA:0,getRecommendations
FNDA:0,(anonymous_1)
FNDA:0,(anonymous_2)
FNDA:0,(anonymous_3)
FNDA:0,(anonymous_4)
FNDA:0,(anonymous_5)
FNDA:0,(anonymous_6)
FNDA:0,(anonymous_7)
FNDA:0,(anonymous_8)
DA:16,0
DA:19,0
DA:21,0
DA:23,0
DA:26,0
DA:27,0
DA:29,0
DA:32,0
DA:34,0
DA:38,0
DA:39,0
DA:57,0
DA:58,0
DA:59,0
DA:61,0
DA:62,0
DA:80,0
DA:81,0
DA:82,0
DA:83,0
DA:101,0
LF:21
LH:0
BRDA:29,0,0,0
BRDA:29,0,1,0
BRDA:32,1,0,0
BRDA:32,1,1,0
BRDA:34,2,0,0
BRDA:34,2,1,0
BRDA:38,3,0,0
BRDA:38,3,1,0
BRDA:47,4,0,0
BRDA:47,4,1,0
BRDA:57,5,0,0
BRDA:57,5,1,0
BRDA:59,6,0,0
BRDA:59,6,1,0
BRDA:61,7,0,0
BRDA:61,7,1,0
BRDA:61,8,0,0
BRDA:61,8,1,0
BRDA:61,8,2,0
BRDA:82,9,0,0
BRDA:82,9,1,0
BRDA:82,10,0,0
BRDA:82,10,1,0
BRF:23
BRH:0
end_of_record
TN:
SF:src\infrastructure\security\AuditLogger.ts
FN:33,log
FN:48,(anonymous_1)
FN:67,logOperatorAction
FN:82,logSystemAction
FN:97,logFanAction
FN:112,getEntries
FN:119,getEntriesByRole
FN:120,(anonymous_7)
FN:126,getRecentEntries
FN:128,(anonymous_9)
FN:134,subscribe
FN:136,(anonymous_11)
FN:142,count
FNF:13
FNH:10
FNDA:6,log
FNDA:1,(anonymous_1)
FNDA:1,logOperatorAction
FNDA:1,logSystemAction
FNDA:1,logFanAction
FNDA:2,getEntries
FNDA:1,getEntriesByRole
FNDA:3,(anonymous_7)
FNDA:0,getRecentEntries
FNDA:0,(anonymous_9)
FNDA:1,subscribe
FNDA:1,(anonymous_11)
FNDA:0,count
DA:26,1
DA:27,1
DA:28,1
DA:36,6
DA:37,6
DA:44,6
DA:45,6
DA:48,6
DA:49,1
DA:50,1
DA:57,6
DA:58,6
DA:61,6
DA:68,1
DA:83,1
DA:98,1
DA:113,2
DA:120,3
DA:127,0
DA:128,0
DA:135,1
DA:136,1
DA:143,0
DA:148,1
LF:24
LH:21
BRDA:57,0,0,6
BRDA:57,0,1,0
BRDA:67,1,0,1
BRDA:97,2,0,1
BRF:4
BRH:3
end_of_record
TN:
SF:src\infrastructure\security\InputSanitizer.ts
FN:21,sanitizeHTML
FN:23,(anonymous_1)
FN:30,validateStringInput
FN:43,validateNumericInput
FN:56,validateEmail
FN:64,stripHTMLTags
FN:72,containsInjectionPattern
FN:81,(anonymous_7)
FNF:8
FNH:8
FNDA:10,sanitizeHTML
FNDA:13,(anonymous_1)
FNDA:6,validateStringInput
FNDA:7,validateNumericInput
FNDA:3,validateEmail
FNDA:3,stripHTMLTags
FNDA:5,containsInjectionPattern
FNDA:16,(anonymous_7)
DA:5,2
DA:15,2
DA:22,10
DA:23,13
DA:34,6
DA:35,5
DA:36,5
DA:37,3
DA:48,7
DA:49,4
DA:50,2
DA:57,3
DA:58,3
DA:65,3
DA:66,2
DA:73,5
DA:81,16
LF:17
LH:17
BRDA:22,0,0,1
BRDA:22,0,1,9
BRDA:23,1,0,13
BRDA:23,1,1,0
BRDA:32,2,0,6
BRDA:34,3,0,1
BRDA:34,3,1,5
BRDA:36,4,0,2
BRDA:36,4,1,3
BRDA:36,5,0,5
BRDA:36,5,1,4
BRDA:45,6,0,7
BRDA:46,7,0,7
BRDA:48,8,0,3
BRDA:48,8,1,4
BRDA:48,9,0,7
BRDA:48,9,1,6
BRDA:48,9,2,5
BRDA:49,10,0,2
BRDA:49,10,1,2
BRDA:49,11,0,4
BRDA:49,11,1,3
BRDA:65,12,0,1
BRDA:65,12,1,2
BRF:24
BRH:23
end_of_record
TN:
SF:src\infrastructure\security\RateLimiter.ts
FN:28,isAllowed
FN:49,getRemaining
FN:63,reset
FN:70,clearAll
FNF:4
FNH:3
FNDA:16,isAllowed
FNDA:2,getRemaining
FNDA:1,reset
FNDA:0,clearAll
DA:19,8
DA:29,16
DA:30,16
DA:32,16
DA:34,9
DA:35,9
DA:38,7
DA:39,3
DA:42,4
DA:43,4
DA:50,2
DA:51,2
DA:53,2
DA:54,1
DA:57,1
DA:64,1
DA:71,0
DA:76,3
LF:18
LH:17
BRDA:28,0,0,16
BRDA:32,1,0,9
BRDA:32,1,1,7
BRDA:32,2,0,16
BRDA:32,2,1,8
BRDA:38,3,0,3
BRDA:38,3,1,4
BRDA:49,4,0,2
BRDA:53,5,0,1
BRDA:53,5,1,1
BRDA:53,6,0,2
BRDA:53,6,1,1
BRF:12
BRH:12
end_of_record
TN:
SF:src\infrastructure\simulation\SensorSimulator.ts
FN:3,generateSensorReadings
FN:43,(anonymous_1)
FN:120,(anonymous_2)
FNF:3
FNH:3
FNDA:5,generateSensorReadings
FNDA:60,(anonymous_1)
FNDA:300,(anonymous_2)
DA:9,5
DA:10,5
DA:12,5
DA:14,0
DA:15,0
DA:16,0
DA:18,0
DA:19,0
DA:20,0
DA:22,3
DA:23,3
DA:24,3
DA:26,1
DA:27,1
DA:28,1
DA:30,0
DA:31,0
DA:32,0
DA:34,0
DA:35,0
DA:36,0
DA:38,0
DA:39,0
DA:40,0
DA:43,5
DA:45,60
DA:48,60
DA:49,10
DA:50,2
DA:51,8
DA:52,0
DA:53,8
DA:54,6
DA:56,2
DA:58,50
DA:59,0
DA:60,0
DA:61,0
DA:62,0
DA:64,0
DA:69,60
DA:70,60
DA:79,60
DA:83,60
DA:84,60
DA:85,60
DA:88,60
DA:91,60
DA:94,60
DA:95,60
DA:96,30
DA:97,30
DA:98,30
DA:100,60
DA:103,60
DA:104,60
DA:106,10
DA:110,60
DA:111,60
DA:115,60
DA:116,60
DA:117,60
DA:120,60
DA:121,300
DA:122,300
DA:125,300
DA:126,300
DA:127,0
DA:128,0
DA:130,0
DA:135,300
DA:136,300
DA:139,110
DA:140,110
DA:142,60
DA:143,60
DA:145,60
DA:146,60
DA:148,30
DA:149,30
DA:151,0
DA:152,0
DA:154,10
DA:155,10
DA:157,30
DA:162,300
DA:164,300
DA:173,60
LF:88
LH:62
BRDA:12,0,0,0
BRDA:12,0,1,0
BRDA:12,0,2,3
BRDA:12,0,3,1
BRDA:12,0,4,0
BRDA:12,0,5,0
BRDA:12,0,6,0
BRDA:48,1,0,10
BRDA:48,1,1,50
BRDA:48,2,0,60
BRDA:48,2,1,50
BRDA:49,3,0,2
BRDA:49,3,1,8
BRDA:51,4,0,0
BRDA:51,4,1,8
BRDA:51,5,0,8
BRDA:51,5,1,8
BRDA:53,6,0,6
BRDA:53,6,1,2
BRDA:53,7,0,8
BRDA:53,7,1,2
BRDA:58,8,0,0
BRDA:58,8,1,50
BRDA:58,9,0,50
BRDA:58,9,1,50
BRDA:59,10,0,0
BRDA:59,10,1,0
BRDA:59,11,0,0
BRDA:59,11,1,0
BRDA:61,12,0,0
BRDA:61,12,1,0
BRDA:79,13,0,60
BRDA:79,13,1,0
BRDA:95,14,0,30
BRDA:95,14,1,30
BRDA:95,15,0,60
BRDA:95,15,1,30
BRDA:97,16,0,30
BRDA:97,16,1,0
BRDA:97,17,0,30
BRDA:97,17,1,10
BRDA:104,18,0,10
BRDA:104,18,1,50
BRDA:104,19,0,60
BRDA:104,19,1,50
BRDA:104,19,2,50
BRDA:110,20,0,12
BRDA:110,20,1,48
BRDA:110,21,0,60
BRDA:110,21,1,60
BRDA:116,22,0,42
BRDA:116,22,1,18
BRDA:126,23,0,0
BRDA:126,23,1,300
BRDA:127,24,0,0
BRDA:127,24,1,0
BRDA:128,25,0,0
BRDA:128,25,1,0
BRDA:135,26,0,300
BRDA:135,26,1,0
BRDA:135,27,0,300
BRDA:135,27,1,0
BRDA:136,28,0,60
BRDA:136,28,1,110
BRDA:136,28,2,60
BRDA:136,28,3,60
BRDA:136,28,4,30
BRDA:136,28,5,0
BRDA:136,28,6,10
BRDA:136,28,7,30
BRDA:162,29,0,16
BRDA:162,29,1,284
BRF:72
BRH:49
end_of_record
TN:
SF:src\infrastructure\simulation\SimulationEngine.ts
FN:20,start
FN:31,stop
FN:43,setSpeed
FN:54,scheduleTick
FN:57,(anonymous_4)
FN:63,tick
FN:82,(anonymous_6)
FN:88,(anonymous_7)
FN:106,(anonymous_8)
FN:125,(anonymous_9)
FN:137,(anonymous_10)
FN:156,(anonymous_11)
FNF:12
FNH:11
FNDA:11,start
FNDA:11,stop
FNDA:1,setSpeed
FNDA:151,scheduleTick
FNDA:141,(anonymous_4)
FNDA:141,tick
FNDA:564,(anonymous_6)
FNDA:3807,(anonymous_7)
FNDA:1692,(anonymous_8)
FNDA:1692,(anonymous_9)
FNDA:1692,(anonymous_10)
FNDA:0,(anonymous_11)
DA:15,3
DA:21,11
DA:22,11
DA:24,10
DA:25,10
DA:32,11
DA:33,11
DA:34,10
DA:35,10
DA:44,1
DA:45,1
DA:46,1
DA:47,1
DA:55,151
DA:56,151
DA:57,151
DA:64,141
DA:65,141
DA:68,141
DA:69,141
DA:70,141
DA:71,141
DA:74,141
DA:75,1
DA:79,141
DA:80,141
DA:82,141
DA:84,564
DA:85,564
DA:88,564
DA:89,3807
DA:90,3807
DA:93,3807
DA:94,81
DA:103,141
DA:104,141
DA:105,141
DA:106,1692
DA:107,141
DA:108,141
DA:109,141
DA:111,141
DA:112,141
DA:113,141
DA:114,141
DA:116,141
DA:125,1692
DA:137,141
DA:138,1692
DA:139,12
DA:153,141
DA:154,141
DA:155,1
DA:156,1
DA:158,1
DA:159,1
DA:160,1
DA:161,1
DA:163,1
DA:164,1
DA:176,0
DA:177,0
DA:190,0
DA:207,141
DA:208,28
DA:212,141
DA:216,3
LF:67
LH:64
BRDA:22,0,0,1
BRDA:22,0,1,10
BRDA:33,1,0,10
BRDA:33,1,1,1
BRDA:45,2,0,1
BRDA:45,2,1,0
BRDA:65,3,0,0
BRDA:65,3,1,141
BRDA:74,4,0,1
BRDA:74,4,1,140
BRDA:74,5,0,141
BRDA:74,5,1,141
BRDA:89,6,0,3807
BRDA:89,6,1,0
BRDA:93,7,0,81
BRDA:93,7,1,3726
BRDA:93,8,0,3807
BRDA:93,8,1,756
BRDA:104,9,0,141
BRDA:104,9,1,0
BRDA:111,10,0,0
BRDA:111,10,1,141
BRDA:130,11,0,1692
BRDA:130,11,1,0
BRDA:131,12,0,192
BRDA:131,12,1,1500
BRDA:138,13,0,12
BRDA:138,13,1,1680
BRDA:138,14,0,1692
BRDA:138,14,1,156
BRDA:153,15,0,141
BRDA:153,15,1,140
BRDA:153,15,2,140
BRDA:154,16,0,1
BRDA:154,16,1,140
BRDA:154,17,0,141
BRDA:154,17,1,1
BRDA:154,17,2,1
BRDA:158,18,0,1
BRDA:158,18,1,0
BRDA:163,19,0,1
BRDA:163,19,1,0
BRDA:176,20,0,0
BRDA:176,20,1,0
BRDA:207,21,0,28
BRDA:207,21,1,113
BRF:46
BRH:36
end_of_record
TN:
SF:src\infrastructure\simulation\VenueGenerator.ts
FN:3,generateRandomId
FN:7,createSensor
FN:20,createZone
FN:64,generateVenues
FN:98,(anonymous_4)
FN:98,(anonymous_5)
FN:186,generateDefaultVenue
FNF:7
FNH:7
FNDA:1620,generateRandomId
FNDA:1350,createSensor
FNDA:270,createZone
FNDA:10,generateVenues
FNDA:120,(anonymous_4)
FNDA:600,(anonymous_5)
FNDA:4,generateDefaultVenue
DA:4,1620
DA:8,1350
DA:21,270
DA:24,270
DA:30,270
DA:31,70
DA:32,70
DA:35,270
DA:36,150
DA:37,150
DA:40,270
DA:41,50
DA:42,50
DA:45,270
DA:65,10
DA:68,10
DA:69,10
DA:84,10
DA:85,10
DA:86,10
DA:87,10
DA:88,10
DA:89,10
DA:90,10
DA:91,10
DA:92,10
DA:93,10
DA:94,10
DA:95,10
DA:98,600
DA:100,10
DA:115,10
DA:116,10
DA:124,10
DA:139,10
DA:140,10
DA:147,10
DA:162,10
DA:163,10
DA:169,10
DA:183,10
DA:187,4
LF:42
LH:42
BRDA:30,0,0,70
BRDA:30,0,1,200
BRDA:30,1,0,270
BRDA:30,1,1,210
BRDA:30,1,2,200
BRDA:35,2,0,150
BRDA:35,2,1,120
BRDA:35,3,0,270
BRDA:35,3,1,130
BRDA:40,4,0,50
BRDA:40,4,1,220
BRF:11
BRH:11
end_of_record
TN:
SF:src\infrastructure\store\useCrowdStore.ts
FN:19,(anonymous_0)
FN:23,(anonymous_1)
FN:23,(anonymous_2)
FN:35,(anonymous_3)
FN:35,(anonymous_4)
FN:43,(anonymous_5)
FN:43,(anonymous_6)
FN:44,(anonymous_7)
FN:49,(anonymous_8)
FNF:9
FNH:5
FNDA:4,(anonymous_0)
FNDA:4018,(anonymous_1)
FNDA:4018,(anonymous_2)
FNDA:82,(anonymous_3)
FNDA:82,(anonymous_4)
FNDA:0,(anonymous_5)
FNDA:0,(anonymous_6)
FNDA:0,(anonymous_7)
FNDA:0,(anonymous_8)
DA:19,4
DA:23,4018
DA:24,4018
DA:25,4018
DA:26,4018
DA:27,4018
DA:35,82
DA:36,82
DA:37,82
DA:38,82
DA:43,0
DA:45,0
DA:49,0
LF:13
LH:10
BRDA:24,0,0,4018
BRDA:24,0,1,136
BRDA:45,1,0,0
BRDA:45,1,1,0
BRF:4
BRH:2
end_of_record
TN:
SF:src\infrastructure\store\useEnergyStore.ts
FN:11,(anonymous_0)
FN:13,(anonymous_1)
FN:14,(anonymous_2)
FN:14,(anonymous_3)
FN:17,(anonymous_4)
FN:25,(anonymous_5)
FN:25,(anonymous_6)
FN:30,(anonymous_7)
FNF:8
FNH:5
FNDA:4,(anonymous_0)
FNDA:142,(anonymous_1)
FNDA:12,(anonymous_2)
FNDA:12,(anonymous_3)
FNDA:66,(anonymous_4)
FNDA:0,(anonymous_5)
FNDA:0,(anonymous_6)
FNDA:0,(anonymous_7)
DA:11,4
DA:13,142
DA:14,12
DA:15,12
DA:17,66
DA:18,12
DA:25,0
DA:26,0
DA:27,0
DA:30,0
LF:10
LH:6
BRDA:15,0,0,0
BRDA:15,0,1,12
BRDA:17,1,0,0
BRDA:17,1,1,12
BRDA:26,2,0,0
BRDA:26,2,1,0
BRF:6
BRH:2
end_of_record
TN:
SF:src\infrastructure\store\useIncidentStore.ts
FN:17,generateRandomId
FN:24,(anonymous_1)
FN:28,(anonymous_2)
FN:28,(anonymous_3)
FN:64,(anonymous_4)
FN:64,(anonymous_5)
FN:65,(anonymous_6)
FN:92,(anonymous_7)
FN:92,(anonymous_8)
FN:93,(anonymous_9)
FN:116,(anonymous_10)
FN:116,(anonymous_11)
FN:117,(anonymous_12)
FN:140,(anonymous_13)
FN:140,(anonymous_14)
FN:141,(anonymous_15)
FN:163,(anonymous_16)
FN:163,(anonymous_17)
FN:164,(anonymous_18)
FN:175,(anonymous_19)
FN:175,(anonymous_20)
FN:176,(anonymous_21)
FN:178,(anonymous_22)
FN:190,(anonymous_23)
FNF:24
FNH:24
FNDA:8,generateRandomId
FNDA:4,(anonymous_1)
FNDA:4,(anonymous_2)
FNDA:4,(anonymous_3)
FNDA:1,(anonymous_4)
FNDA:1,(anonymous_5)
FNDA:1,(anonymous_6)
FNDA:2,(anonymous_7)
FNDA:2,(anonymous_8)
FNDA:2,(anonymous_9)
FNDA:2,(anonymous_10)
FNDA:2,(anonymous_11)
FNDA:2,(anonymous_12)
FNDA:1,(anonymous_13)
FNDA:1,(anonymous_14)
FNDA:1,(anonymous_15)
FNDA:1,(anonymous_16)
FNDA:1,(anonymous_17)
FNDA:1,(anonymous_18)
FNDA:1,(anonymous_19)
FNDA:1,(anonymous_20)
FNDA:1,(anonymous_21)
FNDA:1,(anonymous_22)
FNDA:1,(anonymous_23)
DA:18,8
DA:19,8
DA:21,0
DA:24,4
DA:28,4
DA:29,4
DA:30,4
DA:58,4
DA:64,1
DA:66,1
DA:67,1
DA:68,1
DA:71,1
DA:80,1
DA:88,0
DA:92,2
DA:94,2
DA:95,2
DA:112,0
DA:116,2
DA:118,2
DA:119,2
DA:136,0
DA:140,1
DA:142,1
DA:143,1
DA:159,0
DA:163,1
DA:165,1
DA:166,1
DA:171,0
DA:175,1
DA:177,1
DA:178,1
DA:179,1
DA:180,1
DA:182,0
DA:184,1
DA:186,0
DA:190,1
LF:40
LH:32
BRDA:18,0,0,8
BRDA:18,0,1,0
BRDA:18,1,0,8
BRDA:18,1,1,8
BRDA:66,2,0,1
BRDA:66,2,1,0
BRDA:67,3,0,0
BRDA:67,3,1,1
BRDA:68,4,0,0
BRDA:68,4,1,1
BRDA:94,5,0,2
BRDA:94,5,1,0
BRDA:118,6,0,2
BRDA:118,6,1,0
BRDA:142,7,0,1
BRDA:142,7,1,0
BRDA:165,8,0,1
BRDA:165,8,1,0
BRDA:177,9,0,1
BRDA:177,9,1,0
BRDA:179,10,0,1
BRDA:179,10,1,0
BRF:22
BRH:12
end_of_record
TN:
SF:src\infrastructure\store\useKPIStore.ts
FN:21,(anonymous_0)
FN:25,(anonymous_1)
FN:25,(anonymous_2)
FN:27,(anonymous_3)
FN:27,(anonymous_4)
FNF:5
FNH:5
FNDA:4,(anonymous_0)
FNDA:2,(anonymous_1)
FNDA:2,(anonymous_2)
FNDA:99,(anonymous_3)
FNDA:99,(anonymous_4)
DA:11,4
DA:21,4
DA:25,2
DA:27,99
LF:4
LH:4
BRF:0
BRH:0
end_of_record
TN:
SF:src\infrastructure\store\useSimulationStore.ts
FN:29,(anonymous_0)
FN:35,(anonymous_1)
FN:36,(anonymous_2)
FN:37,(anonymous_3)
FN:38,(anonymous_4)
FN:44,(anonymous_5)
FN:45,(anonymous_6)
FN:45,(anonymous_7)
FN:49,(anonymous_8)
FNF:9
FNH:9
FNDA:4,(anonymous_0)
FNDA:11,(anonymous_1)
FNDA:12,(anonymous_2)
FNDA:2,(anonymous_3)
FNDA:2,(anonymous_4)
FNDA:1,(anonymous_5)
FNDA:142,(anonymous_6)
FNDA:142,(anonymous_7)
FNDA:10,(anonymous_8)
DA:19,4
DA:29,4
DA:35,11
DA:36,12
DA:37,2
DA:39,2
DA:40,2
DA:41,2
DA:42,2
DA:44,1
DA:45,142
DA:49,10
LF:12
LH:12
BRF:0
BRH:0
end_of_record
TN:
SF:src\infrastructure\store\useVenueStore.ts
FN:17,(anonymous_0)
FN:24,(anonymous_1)
FN:26,(anonymous_2)
FN:28,(anonymous_3)
FN:28,(anonymous_4)
FN:29,(anonymous_5)
FN:31,(anonymous_6)
FN:36,(anonymous_7)
FN:37,(anonymous_8)
FN:56,(anonymous_9)
FN:56,(anonymous_10)
FN:57,(anonymous_11)
FN:59,(anonymous_12)
FN:61,(anonymous_13)
FN:78,(anonymous_14)
FN:80,(anonymous_15)
FN:83,(anonymous_16)
FN:91,(anonymous_17)
FN:92,(anonymous_18)
FNF:19
FNH:19
FNDA:4,(anonymous_0)
FNDA:2,(anonymous_1)
FNDA:2,(anonymous_2)
FNDA:565,(anonymous_3)
FNDA:565,(anonymous_4)
FNDA:2260,(anonymous_5)
FNDA:3819,(anonymous_6)
FNDA:3819,(anonymous_7)
FNDA:19095,(anonymous_8)
FNDA:1,(anonymous_9)
FNDA:1,(anonymous_10)
FNDA:4,(anonymous_11)
FNDA:12,(anonymous_12)
FNDA:5,(anonymous_13)
FNDA:194,(anonymous_14)
FNDA:205,(anonymous_15)
FNDA:17,(anonymous_16)
FNDA:21,(anonymous_17)
FNDA:43,(anonymous_18)
DA:17,4
DA:18,4
DA:20,4
DA:24,2
DA:26,2
DA:28,565
DA:29,565
DA:30,2260
DA:31,3819
DA:34,565
DA:35,565
DA:36,565
DA:37,3819
DA:38,19095
DA:39,19095
DA:42,565
DA:44,565
DA:51,1695
DA:53,565
DA:56,1
DA:57,1
DA:58,4
DA:59,1
DA:60,12
DA:61,1
DA:62,5
DA:63,1
DA:65,4
DA:67,1
DA:69,11
DA:71,1
DA:73,3
DA:75,1
DA:79,194
DA:80,205
DA:84,17
DA:85,17
DA:87,16
DA:88,16
DA:89,16
DA:91,16
DA:92,21
DA:93,43
DA:94,43
DA:95,0
DA:99,16
DA:100,17
LF:47
LH:46
BRDA:22,0,0,4
BRDA:22,0,1,0
BRDA:30,1,0,565
BRDA:30,1,1,1695
BRDA:39,2,0,19035
BRDA:39,2,1,60
BRDA:42,3,0,565
BRDA:42,3,1,0
BRDA:58,4,0,1
BRDA:58,4,1,3
BRDA:60,5,0,1
BRDA:60,5,1,11
BRDA:62,6,0,1
BRDA:62,6,1,4
BRDA:85,7,0,1
BRDA:85,7,1,16
BRDA:94,8,0,43
BRDA:94,8,1,0
BRDA:99,9,0,14
BRDA:99,9,1,2
BRF:20
BRH:17
end_of_record
TN:
SF:src\presentation\components\common\AlertBadge.tsx
FN:10,AlertBadge
FNF:1
FNH:0
FNDA:0,AlertBadge
DA:10,2
DA:11,0
DA:13,0
DA:36,0
DA:38,0
LF:5
LH:1
BRDA:10,0,0,0
BRDA:11,1,0,0
BRDA:11,1,1,0
BRDA:36,2,0,0
BRDA:36,2,1,0
BRDA:40,3,0,0
BRDA:40,3,1,0
BRDA:40,4,0,0
BRDA:40,4,1,0
BRDA:39,5,0,0
BRDA:39,5,1,0
BRDA:39,5,2,0
BRF:12
BRH:0
end_of_record
TN:
SF:src\presentation\components\common\ErrorBoundary.tsx
FN:20,constructor
FN:25,getDerivedStateFromError
FN:29,componentDidCatch
FN:41,(anonymous_3)
FN:45,render
FN:118,(anonymous_5)
FNF:6
FNH:4
FNDA:4,constructor
FNDA:3,getDerivedStateFromError
FNDA:1,componentDidCatch
FNDA:0,(anonymous_3)
FNDA:6,render
FNDA:0,(anonymous_5)
DA:21,4
DA:22,4
DA:26,2
DA:30,1
DA:33,1
DA:41,0
DA:42,0
DA:46,6
DA:47,3
DA:48,0
DA:51,3
DA:118,0
DA:138,3
LF:13
LH:9
BRDA:46,0,0,3
BRDA:46,0,1,3
BRDA:47,1,0,0
BRDA:47,1,1,3
BRDA:95,2,0,3
BRDA:95,2,1,3
BRDA:95,2,2,3
BRF:7
BRH:6
end_of_record
TN:
SF:src\presentation\components\common\GlassCard.tsx
FN:15,GlassCard
FNF:1
FNH:0
FNDA:0,GlassCard
DA:24,0
DA:36,0
DA:37,0
DA:44,0
LF:4
LH:0
BRDA:19,0,0,0
BRDA:22,1,0,0
BRDA:33,2,0,0
BRDA:33,2,1,0
BRDA:36,3,0,0
BRDA:36,3,1,0
BRDA:37,4,0,0
BRDA:37,4,1,0
BRDA:39,5,0,0
BRDA:39,5,1,0
BRDA:45,6,0,0
BRDA:45,6,1,0
BRDA:45,6,2,0
BRDA:45,6,3,0
BRDA:61,7,0,0
BRDA:61,7,1,0
BRDA:62,8,0,0
BRDA:62,8,1,0
BRDA:68,9,0,0
BRDA:68,9,1,0
BRF:20
BRH:0
end_of_record
TN:
SF:src\presentation\components\common\KPICard.tsx
FN:22,KPICard
FN:34,(anonymous_1)
FNF:2
FNH:1
FNDA:27,KPICard
FNDA:0,(anonymous_1)
DA:22,3
DA:31,27
DA:34,27
DA:37,27
DA:43,27
LF:5
LH:5
BRDA:26,0,0,27
BRDA:27,1,0,27
BRDA:29,2,0,27
BRDA:31,3,0,27
BRDA:31,3,1,27
BRDA:38,4,0,27
BRDA:38,4,1,0
BRDA:39,5,0,14
BRDA:39,5,1,13
BRDA:57,6,0,27
BRDA:57,6,1,9
BRDA:79,7,0,27
BRDA:79,7,1,0
BRDA:87,8,0,14
BRDA:87,8,1,13
BRDA:88,9,0,14
BRDA:88,9,1,13
BRDA:94,10,0,14
BRDA:94,10,1,13
BRDA:95,11,0,14
BRDA:95,11,1,13
BRDA:102,12,0,27
BRDA:102,12,1,0
BRF:23
BRH:20
end_of_record
TN:
SF:src\presentation\components\common\MetricChart.tsx
FN:17,MetricChart
FN:25,(anonymous_1)
FN:27,(anonymous_2)
FN:119,(anonymous_3)
FNF:4
FNH:4
FNDA:11,MetricChart
FNDA:11,(anonymous_1)
FNDA:11,(anonymous_2)
FNDA:11,(anonymous_3)
DA:17,2
DA:25,11
DA:26,11
DA:27,11
DA:28,11
DA:29,11
DA:30,11
DA:31,11
DA:32,11
DA:34,11
DA:37,11
DA:120,11
LF:12
LH:12
BRDA:19,0,0,11
BRDA:21,1,0,11
BRDA:22,2,0,11
BRDA:26,3,0,0
BRDA:26,3,1,11
BRDA:32,4,0,0
BRDA:32,4,1,11
BRDA:32,5,0,0
BRDA:32,5,1,11
BRDA:34,6,0,11
BRDA:34,6,1,0
BRDA:46,7,0,11
BRDA:46,7,1,11
BRDA:73,8,0,11
BRDA:73,8,1,11
BRDA:111,9,0,11
BRDA:111,9,1,0
BRF:17
BRH:12
end_of_record
TN:
SF:src\presentation\components\common\ProgressRing.tsx
FN:16,ProgressRing
FNF:1
FNH:1
FNDA:9,ProgressRing
DA:16,3
DA:24,9
DA:25,9
DA:26,9
DA:30,9
DA:33,9
DA:35,9
LF:7
LH:7
BRDA:18,0,0,9
BRDA:19,1,0,9
BRDA:30,2,0,9
BRDA:30,2,1,2
BRDA:31,3,0,1
BRDA:31,3,1,1
BRDA:31,4,0,1
BRDA:31,4,1,0
BRDA:33,5,0,9
BRDA:33,5,1,8
BRDA:33,5,2,0
BRDA:93,6,0,9
BRDA:93,6,1,9
BRDA:100,7,0,9
BRDA:100,7,1,1
BRF:15
BRH:13
end_of_record
TN:
SF:src\presentation\components\common\SimulationControl.tsx
FN:10,SimulationControl
FN:13,(anonymous_1)
FN:21,(anonymous_2)
FN:25,(anonymous_3)
FN:30,(anonymous_4)
FN:90,(anonymous_5)
FN:93,(anonymous_6)
FNF:7
FNH:2
FNDA:12,SimulationControl
FNDA:0,(anonymous_1)
FNDA:0,(anonymous_2)
FNDA:0,(anonymous_3)
FNDA:0,(anonymous_4)
FNDA:36,(anonymous_5)
FNDA:0,(anonymous_6)
DA:11,12
DA:13,12
DA:14,0
DA:15,0
DA:17,0
DA:21,12
DA:22,0
DA:25,12
DA:26,0
DA:27,0
DA:30,12
DA:31,0
DA:34,12
DA:91,36
DA:93,0
LF:15
LH:7
BRDA:14,0,0,0
BRDA:14,0,1,0
BRDA:72,1,0,0
BRDA:72,1,1,12
BRDA:74,2,0,0
BRDA:74,2,1,12
BRDA:75,3,0,0
BRDA:75,3,1,12
BRDA:83,4,0,0
BRDA:83,4,1,12
BRDA:85,5,0,0
BRDA:85,5,1,12
BRDA:87,6,0,0
BRDA:87,6,1,12
BRDA:97,7,0,12
BRDA:97,7,1,24
BRDA:98,8,0,12
BRDA:98,8,1,24
BRDA:104,9,0,12
BRDA:104,9,1,24
BRF:20
BRH:12
end_of_record
TN:
SF:src\presentation\components\common\SkipNavLink.tsx
FN:6,SkipNavLink
FN:25,(anonymous_1)
FN:28,(anonymous_2)
FNF:3
FNH:0
FNDA:0,SkipNavLink
FNDA:0,(anonymous_1)
FNDA:0,(anonymous_2)
DA:7,0
DA:26,0
DA:29,0
LF:3
LH:0
BRDA:6,0,0,0
BRF:1
BRH:0
end_of_record
TN:
SF:src\presentation\components\common\StatusIndicator.tsx
FN:9,StatusIndicator
FNF:1
FNH:1
FNDA:6,StatusIndicator
DA:9,2
DA:10,6
DA:16,6
DA:23,6
DA:24,6
DA:26,6
LF:6
LH:6
BRDA:9,0,0,6
BRDA:23,1,0,6
BRDA:23,1,1,0
BRDA:29,2,0,6
BRDA:29,2,1,0
BRDA:40,3,0,6
BRDA:40,3,1,0
BRF:7
BRH:4
end_of_record
TN:
SF:src\presentation\components\common\Toast.tsx
FN:17,notifyListeners
FN:18,(anonymous_1)
FN:24,showToast
FN:36,(anonymous_3)
FN:42,dismissToast
FN:43,(anonymous_5)
FN:51,ToastContainer
FN:54,(anonymous_7)
FN:56,(anonymous_8)
FN:91,(anonymous_9)
FN:114,(anonymous_10)
FN:147,ConfirmDialog
FN:160,(anonymous_12)
FN:167,(anonymous_13)
FN:200,(anonymous_14)
FN:266,useNetworkStatus
FN:269,(anonymous_16)
FN:270,(anonymous_17)
FN:271,(anonymous_18)
FN:275,(anonymous_19)
FN:287,OfflineIndicator
FNF:21
FNH:2
FNDA:9,notifyListeners
FNDA:0,(anonymous_1)
FNDA:9,showToast
FNDA:0,(anonymous_3)
FNDA:0,dismissToast
FNDA:0,(anonymous_5)
FNDA:0,ToastContainer
FNDA:0,(anonymous_7)
FNDA:0,(anonymous_8)
FNDA:0,(anonymous_9)
FNDA:0,(anonymous_10)
FNDA:0,ConfirmDialog
FNDA:0,(anonymous_12)
FNDA:0,(anonymous_13)
FNDA:0,(anonymous_14)
FNDA:0,useNetworkStatus
FNDA:0,(anonymous_16)
FNDA:0,(anonymous_17)
FNDA:0,(anonymous_18)
FNDA:0,(anonymous_19)
FNDA:0,OfflineIndicator
DA:13,2
DA:14,2
DA:15,2
DA:18,9
DA:29,9
DA:30,9
DA:31,9
DA:32,9
DA:35,9
DA:36,9
DA:37,0
DA:43,0
DA:44,0
DA:52,0
DA:54,0
DA:55,0
DA:56,0
DA:59,0
DA:66,0
DA:73,0
DA:92,0
DA:93,0
DA:114,0
DA:157,0
DA:160,0
DA:161,0
DA:162,0
DA:167,0
DA:169,0
DA:174,0
DA:176,0
DA:180,0
DA:200,0
DA:267,0
DA:269,0
DA:270,0
DA:271,0
DA:273,0
DA:274,0
DA:275,0
DA:276,0
DA:277,0
DA:281,0
DA:288,0
DA:290,0
LF:45
LH:10
BRDA:26,0,0,9
BRDA:27,1,0,9
BRDA:35,2,0,9
BRDA:35,2,1,0
BRDA:92,3,0,0
BRDA:92,3,1,0
BRDA:151,4,0,0
BRDA:152,5,0,0
BRDA:153,6,0,0
BRDA:161,7,0,0
BRDA:161,7,1,0
BRDA:161,8,0,0
BRDA:161,8,1,0
BRDA:169,9,0,0
BRDA:169,9,1,0
BRDA:174,10,0,0
BRDA:174,10,1,0
BRDA:176,11,0,0
BRDA:176,11,1,0
BRDA:267,12,0,0
BRDA:267,12,1,0
BRDA:292,13,0,0
BRDA:292,13,1,0
BRF:23
BRH:3
end_of_record
TN:
SF:src\presentation\components\common\VisuallyHidden.tsx
FN:13,VisuallyHidden
FNF:1
FNH:1
FNDA:11,VisuallyHidden
DA:14,11
LF:1
LH:1
BRF:0
BRH:0
end_of_record
TN:
SF:src\presentation\components\common\index.ts
FNF:0
FNH:0
LF:0
LH:0
BRF:0
BRH:0
end_of_record
TN:
SF:src\presentation\components\stadium\AlertFeed.tsx
FN:42,timeAgo
FN:49,getStatusColor
FN:65,AlertFeed
FN:68,(anonymous_3)
FN:103,(anonymous_4)
FN:117,(anonymous_5)
FN:130,(anonymous_6)
FN:143,(anonymous_7)
FN:144,(anonymous_8)
FN:244,(anonymous_9)
FNF:10
FNH:7
FNDA:12,timeAgo
FNDA:24,getStatusColor
FNDA:12,AlertFeed
FNDA:0,(anonymous_3)
FNDA:12,(anonymous_4)
FNDA:11,(anonymous_5)
FNDA:12,(anonymous_6)
FNDA:1,(anonymous_7)
FNDA:0,(anonymous_8)
FNDA:0,(anonymous_9)
DA:24,1
DA:31,1
DA:43,12
DA:44,12
DA:45,0
DA:46,0
DA:50,24
DA:51,20
DA:52,0
DA:53,2
DA:54,0
DA:55,2
DA:56,0
DA:57,0
DA:66,12
DA:68,12
DA:69,0
DA:70,0
DA:71,0
DA:75,12
DA:103,12
DA:117,11
DA:131,12
DA:132,12
DA:133,12
DA:135,12
DA:143,1
DA:144,0
DA:245,0
DA:246,0
LF:30
LH:18
BRDA:44,0,0,12
BRDA:44,0,1,0
BRDA:45,1,0,0
BRDA:45,1,1,0
BRDA:50,2,0,20
BRDA:50,2,1,0
BRDA:50,2,2,2
BRDA:50,2,3,0
BRDA:50,2,4,2
BRDA:50,2,5,0
BRDA:50,2,6,0
BRDA:65,3,0,12
BRDA:69,4,0,0
BRDA:69,4,1,0
BRDA:69,5,0,0
BRDA:69,5,1,0
BRDA:103,6,0,12
BRDA:103,6,1,11
BRDA:103,7,0,12
BRDA:103,7,1,11
BRDA:117,8,0,11
BRDA:117,8,1,11
BRDA:132,9,0,12
BRDA:132,9,1,0
BRDA:156,10,0,0
BRDA:156,10,1,12
BRDA:242,11,0,12
BRDA:242,11,1,10
BRDA:242,11,2,10
BRDA:282,12,0,12
BRDA:282,12,1,0
BRF:31
BRH:17
end_of_record
TN:
SF:src\presentation\components\stadium\StadiumHeatmap.tsx
FN:10,getHeatColor
FN:18,getHeatOpacity
FN:26,StadiumHeatmap
FN:92,(anonymous_3)
FN:100,(anonymous_4)
FN:143,(anonymous_5)
FN:193,(anonymous_6)
FN:201,(anonymous_7)
FN:202,(anonymous_8)
FNF:9
FNH:7
FNDA:20,getHeatColor
FNDA:24,getHeatOpacity
FNDA:12,StadiumHeatmap
FNDA:12,(anonymous_3)
FNDA:0,(anonymous_4)
FNDA:60,(anonymous_5)
FNDA:12,(anonymous_6)
FNDA:1,(anonymous_7)
FNDA:0,(anonymous_8)
DA:11,20
DA:12,20
DA:13,0
DA:14,0
DA:15,0
DA:19,24
DA:28,12
DA:92,12
DA:93,12
DA:94,12
DA:95,12
DA:96,12
DA:97,12
DA:100,12
DA:101,0
DA:102,0
DA:103,0
DA:107,12
DA:144,60
DA:194,12
DA:195,12
DA:196,12
DA:201,1
DA:202,0
LF:24
LH:17
BRDA:11,0,0,0
BRDA:11,0,1,20
BRDA:12,1,0,20
BRDA:12,1,1,0
BRDA:13,2,0,0
BRDA:13,2,1,0
BRDA:14,3,0,0
BRDA:14,3,1,0
BRDA:94,4,0,12
BRDA:94,4,1,0
BRDA:96,5,0,12
BRDA:96,5,1,0
BRDA:101,6,0,0
BRDA:101,6,1,0
BRDA:101,7,0,0
BRDA:101,7,1,0
BRDA:195,8,0,4
BRDA:195,8,1,8
BRDA:211,9,0,4
BRDA:211,9,1,8
BRDA:212,10,0,4
BRDA:212,10,1,8
BRDA:213,11,0,4
BRDA:213,11,1,8
BRDA:217,12,0,0
BRDA:217,12,1,12
BRF:26
BRH:13
end_of_record
TN:
SF:src\presentation\pages\CommandCenter\CommandCenter.tsx
FN:27,CommandCenter
FN:29,(anonymous_1)
FN:30,(anonymous_2)
FN:35,(anonymous_3)
FN:45,(anonymous_4)
FN:55,(anonymous_5)
FN:59,(anonymous_6)
FN:66,(anonymous_7)
FN:75,(anonymous_8)
FN:102,(anonymous_9)
FN:142,(anonymous_10)
FN:214,(anonymous_11)
FN:295,(anonymous_12)
FN:300,(anonymous_13)
FN:301,(anonymous_14)
FN:346,(anonymous_15)
FN:375,(anonymous_16)
FNF:17
FNH:0
FNDA:0,CommandCenter
FNDA:0,(anonymous_1)
FNDA:0,(anonymous_2)
FNDA:0,(anonymous_3)
FNDA:0,(anonymous_4)
FNDA:0,(anonymous_5)
FNDA:0,(anonymous_6)
FNDA:0,(anonymous_7)
FNDA:0,(anonymous_8)
FNDA:0,(anonymous_9)
FNDA:0,(anonymous_10)
FNDA:0,(anonymous_11)
FNDA:0,(anonymous_12)
FNDA:0,(anonymous_13)
FNDA:0,(anonymous_14)
FNDA:0,(anonymous_15)
FNDA:0,(anonymous_16)
DA:28,0
DA:29,0
DA:30,0
DA:32,0
DA:33,0
DA:35,0
DA:36,0
DA:37,0
DA:38,0
DA:39,0
DA:41,0
DA:42,0
DA:45,0
DA:48,0
DA:55,0
DA:56,0
DA:59,0
DA:60,0
DA:61,0
DA:62,0
DA:66,0
DA:67,0
DA:68,0
DA:69,0
DA:70,0
DA:71,0
DA:75,0
DA:76,0
DA:77,0
DA:78,0
DA:79,0
DA:80,0
DA:84,0
DA:102,0
DA:143,0
DA:145,0
DA:215,0
DA:296,0
DA:297,0
DA:300,0
DA:301,0
DA:346,0
DA:376,0
LF:43
LH:0
BRDA:37,0,0,0
BRDA:37,0,1,0
BRDA:45,1,0,0
BRDA:45,1,1,0
BRDA:56,2,0,0
BRDA:56,2,1,0
BRDA:60,3,0,0
BRDA:60,3,1,0
BRDA:60,4,0,0
BRDA:60,4,1,0
BRDA:67,5,0,0
BRDA:67,5,1,0
BRDA:67,5,2,0
BRDA:67,5,3,0
BRDA:76,6,0,0
BRDA:76,6,1,0
BRDA:76,6,2,0
BRDA:76,6,3,0
BRDA:143,7,0,0
BRDA:143,7,1,0
BRDA:194,8,0,0
BRDA:194,8,1,0
BRDA:250,9,0,0
BRDA:250,9,1,0
BRDA:251,10,0,0
BRDA:251,10,1,0
BRDA:305,11,0,0
BRDA:305,11,1,0
BRDA:307,12,0,0
BRDA:307,12,1,0
BRDA:308,13,0,0
BRDA:308,13,1,0
BRDA:315,14,0,0
BRDA:315,14,1,0
BRDA:392,15,0,0
BRDA:392,15,1,0
BRF:36
BRH:0
end_of_record
TN:
SF:src\presentation\pages\FanExperience\AccessibilityPanel.tsx
FN:13,AccessibilityPanel
FN:38,(anonymous_1)
FN:55,(anonymous_2)
FN:72,(anonymous_3)
FNF:4
FNH:2
FNDA:2,AccessibilityPanel
FNDA:1,(anonymous_1)
FNDA:0,(anonymous_2)
FNDA:0,(anonymous_3)
DA:13,1
DA:14,2
DA:38,1
DA:55,0
DA:72,0
LF:5
LH:3
BRF:0
BRH:0
end_of_record
TN:
SF:src\presentation\pages\FanExperience\ArWayfinding.tsx
FN:11,ArWayfinding
FNF:1
FNH:1
FNDA:7,ArWayfinding
DA:11,1
DA:12,7
LF:2
LH:2
BRDA:28,0,0,7
BRDA:28,0,1,0
BRDA:53,1,0,7
BRDA:53,1,1,0
BRDA:56,2,0,7
BRDA:56,2,1,0
BRF:6
BRH:3
end_of_record
TN:
SF:src\presentation\pages\FanExperience\ConcessionOffers.tsx
FN:17,ConcessionOffers
FN:34,(anonymous_1)
FN:51,(anonymous_2)
FN:65,(anonymous_3)
FNF:4
FNH:4
FNDA:2,ConcessionOffers
FNDA:4,(anonymous_1)
FNDA:1,(anonymous_2)
FNDA:1,(anonymous_3)
DA:17,1
DA:18,2
DA:35,4
DA:51,1
DA:66,1
LF:5
LH:5
BRDA:61,0,0,2
BRDA:61,0,1,1
BRF:2
BRH:2
end_of_record
TN:
SF:src\presentation\pages\FanExperience\FanExperience.tsx
FN:35,FanExperience
FN:37,(anonymous_1)
FN:49,(anonymous_2)
FN:51,(anonymous_3)
FN:52,(anonymous_4)
FN:54,(anonymous_5)
FN:57,(anonymous_6)
FN:72,(anonymous_7)
FN:78,(anonymous_8)
FN:90,(anonymous_9)
FN:91,(anonymous_10)
FN:104,(anonymous_11)
FN:105,(anonymous_12)
FN:118,(anonymous_13)
FN:146,(anonymous_14)
FN:202,(anonymous_15)
FN:212,(anonymous_16)
FN:222,(anonymous_17)
FN:232,(anonymous_18)
FN:242,(anonymous_19)
FNF:20
FNH:17
FNDA:16,FanExperience
FNDA:48,(anonymous_1)
FNDA:13,(anonymous_2)
FNDA:0,(anonymous_3)
FNDA:0,(anonymous_4)
FNDA:7,(anonymous_5)
FNDA:1,(anonymous_6)
FNDA:1,(anonymous_7)
FNDA:1,(anonymous_8)
FNDA:1,(anonymous_9)
FNDA:1,(anonymous_10)
FNDA:1,(anonymous_11)
FNDA:1,(anonymous_12)
FNDA:1,(anonymous_13)
FNDA:1,(anonymous_14)
FNDA:0,(anonymous_15)
FNDA:1,(anonymous_16)
FNDA:2,(anonymous_17)
FNDA:1,(anonymous_18)
FNDA:2,(anonymous_19)
DA:36,16
DA:37,48
DA:38,16
DA:40,16
DA:41,16
DA:45,16
DA:46,16
DA:49,16
DA:50,13
DA:51,7
DA:52,0
DA:54,7
DA:57,16
DA:58,1
DA:59,0
DA:60,0
DA:63,1
DA:64,1
DA:65,0
DA:66,0
DA:69,1
DA:70,1
DA:72,1
DA:78,1
DA:86,1
DA:87,1
DA:90,16
DA:91,1
DA:92,1
DA:93,1
DA:94,1
DA:104,16
DA:105,1
DA:106,1
DA:107,1
DA:108,1
DA:118,16
DA:119,1
DA:129,1
DA:130,1
DA:131,1
DA:132,1
DA:133,1
DA:134,1
DA:136,1
DA:139,16
DA:146,1
DA:202,0
DA:212,1
DA:222,2
DA:232,1
DA:242,2
LF:52
LH:46
BRDA:50,0,0,6
BRDA:50,0,1,7
BRDA:58,1,0,0
BRDA:58,1,1,1
BRDA:64,2,0,0
BRDA:64,2,1,1
BRDA:93,3,0,1
BRDA:93,3,1,0
BRDA:107,4,0,0
BRDA:107,4,1,1
BRDA:154,5,0,16
BRDA:154,5,1,0
BRDA:170,6,0,16
BRDA:170,6,1,7
BRDA:175,7,0,16
BRDA:175,7,1,2
BRDA:180,8,0,16
BRDA:180,8,1,2
BRDA:185,9,0,16
BRDA:185,9,1,2
BRDA:190,10,0,16
BRDA:190,10,1,3
BRDA:203,11,0,7
BRDA:203,11,1,9
BRDA:213,12,0,2
BRDA:213,12,1,14
BRDA:223,13,0,2
BRDA:223,13,1,14
BRDA:233,14,0,2
BRDA:233,14,1,14
BRDA:243,15,0,3
BRDA:243,15,1,13
BRF:32
BRH:27
end_of_record
TN:
SF:src\presentation\pages\FanExperience\FriendFinder.tsx
FN:10,FriendFinder
FN:43,(anonymous_1)
FNF:2
FNH:2
FNDA:2,FriendFinder
FNDA:2,(anonymous_1)
DA:10,1
DA:11,2
DA:44,2
LF:3
LH:3
BRDA:23,0,0,1
BRDA:23,0,1,1
BRF:2
BRH:2
end_of_record
TN:
SF:src\presentation\pages\FanExperience\PrivacyPanel.tsx
FN:14,PrivacyPanel
FN:42,(anonymous_1)
FN:59,(anonymous_2)
FN:76,(anonymous_3)
FNF:4
FNH:2
FNDA:3,PrivacyPanel
FNDA:0,(anonymous_1)
FNDA:0,(anonymous_2)
FNDA:1,(anonymous_3)
DA:14,1
DA:15,3
DA:42,0
DA:59,0
DA:76,1
LF:5
LH:3
BRF:0
BRH:0
end_of_record
TN:
SF:src\presentation\pages\FanExperience\index.ts
FNF:0
FNH:0
LF:0
LH:0
BRF:0
BRH:0
end_of_record
TN:
SF:src\presentation\pages\Landing\Landing.tsx
FN:88,Landing
FN:91,(anonymous_1)
FN:299,(anonymous_2)
FN:341,(anonymous_3)
FN:347,(anonymous_4)
FN:348,(anonymous_5)
FN:363,(anonymous_6)
FN:366,(anonymous_7)
FN:444,(anonymous_8)
FNF:9
FNH:0
FNDA:0,Landing
FNDA:0,(anonymous_1)
FNDA:0,(anonymous_2)
FNDA:0,(anonymous_3)
FNDA:0,(anonymous_4)
FNDA:0,(anonymous_5)
FNDA:0,(anonymous_6)
FNDA:0,(anonymous_7)
FNDA:0,(anonymous_8)
DA:16,0
DA:63,0
DA:70,0
DA:78,0
DA:89,0
DA:91,0
DA:92,0
DA:93,0
DA:94,0
DA:98,0
DA:300,0
DA:342,0
DA:347,0
DA:348,0
DA:364,0
DA:367,0
DA:445,0
LF:17
LH:0
BRDA:92,0,0,0
BRDA:92,0,1,0
BRDA:92,1,0,0
BRDA:92,1,1,0
BRF:4
BRH:0
end_of_record
TN:
SF:src\presentation\pages\OperatorDashboard\DashboardSidebar.tsx
FN:18,DashboardSidebar
FN:26,(anonymous_1)
FN:37,(anonymous_2)
FN:65,(anonymous_3)
FN:73,(anonymous_4)
FN:74,(anonymous_5)
FNF:6
FNH:4
FNDA:12,DashboardSidebar
FNDA:0,(anonymous_1)
FNDA:1,(anonymous_2)
FNDA:24,(anonymous_3)
FNDA:1,(anonymous_4)
FNDA:0,(anonymous_5)
DA:18,1
DA:24,12
DA:26,12
DA:27,0
DA:28,0
DA:29,0
DA:33,12
DA:37,1
DA:66,24
DA:67,24
DA:73,1
DA:74,0
LF:12
LH:8
BRDA:27,0,0,0
BRDA:27,0,1,0
BRDA:27,1,0,0
BRDA:27,1,1,0
BRDA:75,2,0,12
BRDA:75,2,1,12
BRDA:87,3,0,12
BRDA:87,3,1,0
BRF:8
BRH:3
end_of_record
TN:
SF:src\presentation\pages\OperatorDashboard\EnergyPanel.tsx
FN:10,EnergyPanel
FNF:1
FNH:1
FNDA:7,EnergyPanel
DA:10,1
DA:11,7
LF:2
LH:2
BRDA:32,0,0,7
BRDA:32,0,1,0
BRDA:42,1,0,7
BRDA:42,1,1,0
BRDA:46,2,0,7
BRDA:46,2,1,0
BRF:6
BRH:3
end_of_record
TN:
SF:src\presentation\pages\OperatorDashboard\IncidentPlaybook.tsx
FN:13,IncidentPlaybook
FN:48,(anonymous_1)
FN:65,(anonymous_2)
FN:75,(anonymous_3)
FNF:4
FNH:4
FNDA:3,IncidentPlaybook
FNDA:6,(anonymous_1)
FNDA:1,(anonymous_2)
FNDA:1,(anonymous_3)
DA:13,1
DA:19,3
DA:49,6
DA:65,1
DA:75,1
LF:5
LH:5
BRDA:61,0,0,3
BRDA:61,0,1,1
BRDA:71,1,0,3
BRDA:71,1,1,1
BRF:4
BRH:4
end_of_record
TN:
SF:src\presentation\pages\OperatorDashboard\OperatorDashboard.tsx
FN:36,OperatorDashboard
FN:38,(anonymous_1)
FN:45,(anonymous_2)
FN:52,(anonymous_3)
FN:53,(anonymous_4)
FN:54,(anonymous_5)
FN:55,(anonymous_6)
FN:63,(anonymous_7)
FN:76,(anonymous_8)
FN:80,(anonymous_9)
FN:86,(anonymous_10)
FN:91,(anonymous_11)
FN:96,(anonymous_12)
FN:98,(anonymous_13)
FN:103,(anonymous_14)
FN:112,(anonymous_15)
FN:121,(anonymous_16)
FN:123,(anonymous_17)
FN:126,(anonymous_18)
FN:230,(anonymous_19)
FN:238,(anonymous_20)
FNF:21
FNH:19
FNDA:15,OperatorDashboard
FNDA:43,(anonymous_1)
FNDA:45,(anonymous_2)
FNDA:42,(anonymous_3)
FNDA:42,(anonymous_4)
FNDA:42,(anonymous_5)
FNDA:42,(anonymous_6)
FNDA:7,(anonymous_7)
FNDA:15,(anonymous_8)
FNDA:6,(anonymous_9)
FNDA:13,(anonymous_10)
FNDA:1,(anonymous_11)
FNDA:1,(anonymous_12)
FNDA:1,(anonymous_13)
FNDA:1,(anonymous_14)
FNDA:1,(anonymous_15)
FNDA:1,(anonymous_16)
FNDA:2,(anonymous_17)
FNDA:0,(anonymous_18)
FNDA:1,(anonymous_19)
FNDA:0,(anonymous_20)
DA:37,15
DA:38,43
DA:45,45
DA:52,42
DA:53,42
DA:54,42
DA:55,42
DA:57,15
DA:59,15
DA:60,15
DA:63,15
DA:64,7
DA:67,15
DA:68,0
DA:76,15
DA:79,15
DA:80,15
DA:86,15
DA:91,15
DA:92,1
DA:93,1
DA:96,15
DA:97,1
DA:98,1
DA:99,1
DA:100,1
DA:103,15
DA:104,1
DA:105,0
DA:106,0
DA:108,1
DA:109,1
DA:112,15
DA:113,1
DA:114,0
DA:115,0
DA:117,1
DA:118,1
DA:121,15
DA:122,1
DA:123,2
DA:126,15
DA:127,0
DA:128,0
DA:129,0
DA:133,15
DA:135,15
DA:230,1
DA:238,0
LF:49
LH:40
BRDA:67,0,0,0
BRDA:67,0,1,15
BRDA:79,1,0,6
BRDA:79,1,1,9
BRDA:79,2,0,6
BRDA:79,2,1,0
BRDA:86,3,0,15
BRDA:86,3,1,0
BRDA:86,4,0,15
BRDA:86,4,1,2
BRDA:99,5,0,1
BRDA:99,5,1,0
BRDA:104,6,0,0
BRDA:104,6,1,1
BRDA:113,7,0,0
BRDA:113,7,1,1
BRDA:123,8,0,1
BRDA:123,8,1,0
BRDA:127,9,0,0
BRDA:127,9,1,0
BRDA:127,10,0,0
BRDA:127,10,1,0
BRDA:199,11,0,15
BRDA:199,11,1,0
BRDA:226,12,0,15
BRDA:226,12,1,6
BRDA:235,13,0,15
BRDA:235,13,1,4
BRDA:245,14,0,15
BRDA:245,14,1,9
BRDA:245,14,2,9
BRDA:257,15,0,7
BRDA:257,15,1,2
BRDA:271,16,0,15
BRDA:271,16,1,9
BRDA:271,16,2,9
BRF:36
BRH:24
end_of_record
TN:
SF:src\presentation\pages\OperatorDashboard\ZoneDetailPanel.tsx
FN:13,ZoneDetailPanel
FNF:1
FNH:1
FNDA:4,ZoneDetailPanel
DA:13,1
DA:18,4
LF:2
LH:2
BRDA:70,0,0,4
BRDA:70,0,1,0
BRF:2
BRH:1
end_of_record
TN:
SF:src\presentation\pages\OperatorDashboard\index.ts
FNF:0
FNH:0
LF:0
LH:0
BRF:0
BRH:0
end_of_record
TN:
SF:src\presentation\pages\PrivacyCenter\PrivacyCenter.tsx
FN:18,PrivacyCenter
FN:29,(anonymous_1)
FN:34,(anonymous_2)
FN:36,(anonymous_3)
FN:36,(anonymous_4)
FN:43,(anonymous_5)
FN:48,(anonymous_6)
FN:49,(anonymous_7)
FN:71,(anonymous_8)
FN:133,(anonymous_9)
FN:182,(anonymous_10)
FN:200,(anonymous_11)
FNF:12
FNH:0
FNDA:0,PrivacyCenter
FNDA:0,(anonymous_1)
FNDA:0,(anonymous_2)
FNDA:0,(anonymous_3)
FNDA:0,(anonymous_4)
FNDA:0,(anonymous_5)
FNDA:0,(anonymous_6)
FNDA:0,(anonymous_7)
FNDA:0,(anonymous_8)
FNDA:0,(anonymous_9)
FNDA:0,(anonymous_10)
FNDA:0,(anonymous_11)
DA:19,0
DA:21,0
DA:26,0
DA:27,0
DA:29,0
DA:30,0
DA:31,0
DA:34,0
DA:35,0
DA:36,0
DA:37,0
DA:39,0
DA:40,0
DA:43,0
DA:44,0
DA:45,0
DA:48,0
DA:49,0
DA:50,0
DA:53,0
DA:71,0
DA:134,0
DA:183,0
DA:200,0
LF:24
LH:0
BRDA:35,0,0,0
BRDA:35,0,1,0
BRDA:50,1,0,0
BRDA:50,1,1,0
BRDA:155,2,0,0
BRDA:155,2,1,0
BRDA:219,3,0,0
BRDA:219,3,1,0
BRF:8
BRH:0
end_of_record
TN:
SF:src\stores\useSimulationStore.ts
FN:16,(anonymous_0)
FN:23,(anonymous_1)
FN:24,(anonymous_2)
FN:25,(anonymous_3)
FN:33,(anonymous_4)
FN:34,(anonymous_5)
FN:35,(anonymous_6)
FN:36,(anonymous_7)
FNF:8
FNH:0
FNDA:0,(anonymous_0)
FNDA:0,(anonymous_1)
FNDA:0,(anonymous_2)
FNDA:0,(anonymous_3)
FNDA:0,(anonymous_4)
FNDA:0,(anonymous_5)
FNDA:0,(anonymous_6)
FNDA:0,(anonymous_7)
DA:16,0
DA:23,0
DA:24,0
DA:26,0
DA:33,0
DA:34,0
DA:36,0
LF:7
LH:0
BRF:0
BRH:0
end_of_record
TN:
SF:src\styles\shared.ts
FNF:0
FNH:0
DA:3,3
LF:1
LH:1
BRF:0
BRH:0
end_of_record
TN:
SF:src\types\index.ts
FNF:0
FNH:0
LF:0
LH:0
BRF:0
BRH:0
end_of_record
TN:
SF:src\utils\formatters.ts
FN:9,formatNumber
FN:17,formatCurrency
FN:25,calcOccupancyPercent
FN:33,clamp
FN:40,roundTo
FN:49,generateId
FN:63,formatTimeAgo
FN:75,getSeverityColor
FN:89,getHeatColor
FN:106,throttle
FN:111,(anonymous_10)
FN:123,debounce
FN:128,(anonymous_12)
FN:130,(anonymous_13)
FNF:14
FNH:9
FNDA:33,formatNumber
FNDA:18,formatCurrency
FNDA:20,calcOccupancyPercent
FNDA:6,clamp
FNDA:3,roundTo
FNDA:2,generateId
FNDA:3,formatTimeAgo
FNDA:5,getSeverityColor
FNDA:3,getHeatColor
FNDA:0,throttle
FNDA:0,(anonymous_10)
FNDA:0,debounce
FNDA:0,(anonymous_12)
FNDA:0,(anonymous_13)
DA:10,33
DA:18,18
DA:26,20
DA:27,18
DA:34,6
DA:41,3
DA:42,3
DA:50,2
DA:51,2
DA:53,0
DA:64,3
DA:65,3
DA:66,2
DA:67,2
DA:68,1
DA:69,1
DA:76,5
DA:82,5
DA:90,3
DA:91,3
DA:92,1
DA:93,1
DA:94,1
DA:95,1
DA:97,2
DA:98,2
DA:99,2
DA:100,2
DA:110,0
DA:111,0
DA:112,0
DA:113,0
DA:114,0
DA:115,0
DA:127,0
DA:128,0
DA:129,0
DA:130,0
LF:38
LH:27
BRDA:26,0,0,2
BRDA:26,0,1,18
BRDA:49,1,0,2
BRDA:50,2,0,2
BRDA:50,2,1,0
BRDA:50,3,0,2
BRDA:50,3,1,2
BRDA:65,4,0,1
BRDA:65,4,1,2
BRDA:67,5,0,1
BRDA:67,5,1,1
BRDA:82,6,0,5
BRDA:82,6,1,1
BRDA:91,7,0,1
BRDA:91,7,1,2
BRDA:113,8,0,0
BRDA:113,8,1,0
BRDA:129,9,0,0
BRDA:129,9,1,0
BRF:19
BRH:14
end_of_record
